<?xml version="1.0" encoding="UTF-8"?>
<testsuite name="org.example.GitHubControllerIT" tests="2" skipped="0" failures="0" errors="0" timestamp="2026-06-02T11:07:03" hostname="ukasz-mbp.home" time="1.84">
  <properties/>
  <testcase name="shouldReturnNotFoundResponseForNotExistingGithubUser()" classname="org.example.GitHubControllerIT" time="1.734"/>
  <testcase name="shouldReturnOnlyNonForkRepositoriesWithBranches()" classname="org.example.GitHubControllerIT" time="0.104"/>
  <system-out><![CDATA[13:07:00.276 [Test worker] INFO org.springframework.test.context.support.AnnotationConfigContextLoaderUtils -- Could not detect default configuration classes for test class [org.example.GitHubControllerIT]: GitHubControllerIT does not declare any static, non-private, non-final, nested classes annotated with @Configuration.
13:07:00.475 [Test worker] INFO org.springframework.boot.test.context.SpringBootTestContextBootstrapper -- Found @SpringBootConfiguration org.example.Main for test class org.example.GitHubControllerIT

  .   ____          _            __ _ _
 /\\ / ___'_ __ _ _(_)_ __  __ _ \ \ \ \
( ( )\___ | '_ | '_| | '_ \/ _` | \ \ \ \
 \\/  ___)| |_)| | | | | || (_| |  ) ) ) )
  '  |____| .__|_| |_|_| |_\__, | / / / /
 =========|_|==============|___/=/_/_/_/

 :: Spring Boot ::                (v3.5.0)

2026-06-02T13:07:01.842+02:00  INFO 20941 --- [    Test worker] org.example.GitHubControllerIT           : Starting GitHubControllerIT using Java 21.0.11 with PID 20941 (started by Ukasz in /Users/Ukasz/Desktop/RecruitmentTask1)
2026-06-02T13:07:01.843+02:00  INFO 20941 --- [    Test worker] org.example.GitHubControllerIT           : No active profile set, falling back to 1 default profile: "default"
2026-06-02T13:07:02.743+02:00  INFO 20941 --- [    Test worker] o.s.b.w.embedded.tomcat.TomcatWebServer  : Tomcat initialized with port 0 (http)
2026-06-02T13:07:02.766+02:00  INFO 20941 --- [    Test worker] o.apache.catalina.core.StandardService   : Starting service [Tomcat]
2026-06-02T13:07:02.767+02:00  INFO 20941 --- [    Test worker] o.apache.catalina.core.StandardEngine    : Starting Servlet engine: [Apache Tomcat/10.1.41]
2026-06-02T13:07:02.821+02:00  INFO 20941 --- [    Test worker] o.a.c.c.C.[Tomcat].[localhost].[/]       : Initializing Spring embedded WebApplicationContext
2026-06-02T13:07:02.821+02:00  INFO 20941 --- [    Test worker] w.s.c.ServletWebServerApplicationContext : Root WebApplicationContext: initialization completed in 956 ms
2026-06-02T13:07:03.276+02:00  INFO 20941 --- [    Test worker] o.s.b.w.embedded.tomcat.TomcatWebServer  : Tomcat started on port 62248 (http) with context path '/'
2026-06-02T13:07:03.285+02:00  INFO 20941 --- [    Test worker] org.example.GitHubControllerIT           : Started GitHubControllerIT in 2.027 seconds (process running for 4.123)
2026-06-02T13:07:04.523+02:00  INFO 20941 --- [o-auto-1-exec-1] o.a.c.c.C.[Tomcat].[localhost].[/]       : Initializing Spring DispatcherServlet 'dispatcherServlet'
2026-06-02T13:07:04.523+02:00  INFO 20941 --- [o-auto-1-exec-1] o.s.web.servlet.DispatcherServlet        : Initializing Servlet 'dispatcherServlet'
2026-06-02T13:07:04.525+02:00  INFO 20941 --- [o-auto-1-exec-1] o.s.web.servlet.DispatcherServlet        : Completed initialization in 2 ms
]]></system-out>
  <system-err><![CDATA[Mockito is currently self-attaching to enable the inline-mock-maker. This will no longer work in future releases of the JDK. Please add Mockito as an agent to your build as described in Mockito's documentation: https://javadoc.io/doc/org.mockito/mockito-core/latest/org.mockito/org/mockito/Mockito.html#0.3
WARNING: A Java agent has been loaded dynamically (/Users/Ukasz/.gradle/caches/modules-2/files-2.1/net.bytebuddy/byte-buddy-agent/1.17.5/58f9507f5f28d1d3e7adfb4ec2fe37c29d332c9b/byte-buddy-agent-1.17.5.jar)
WARNING: If a serviceability tool is in use, please run with -XX:+EnableDynamicAgentLoading to hide this warning
WARNING: If a serviceability tool is not in use, please run with -Djdk.instrument.traceUsage for more information
WARNING: Dynamic loading of agents will be disallowed by default in a future release
]]></system-err>
</testsuite>
